c:\users\daniel\documents\github\hazel\bin-int\-x64\sandbox\vc142.pdb
c:\users\daniel\documents\github\hazel\bin-int\-x64\sandbox\vc142.idb
c:\users\daniel\documents\github\hazel\bin-int\-x64\sandbox\sandbox.obj
c:\users\daniel\documents\github\hazel\bin-int\-x64\sandbox\sandboxapp.obj
c:\users\daniel\documents\github\hazel\bin\-x64\sandbox\sandbox.ilk
c:\users\daniel\documents\github\hazel\bin\-x64\sandbox\sandbox.exe
c:\users\daniel\documents\github\hazel\bin\-x64\sandbox\sandbox.pdb
c:\users\daniel\documents\github\hazel\bin-int\-x64\sandbox\application.obj
c:\users\daniel\documents\github\hazel\bin-int\-x64\sandbox\sandbox.tlog\cl.command.1.tlog
c:\users\daniel\documents\github\hazel\bin-int\-x64\sandbox\sandbox.tlog\cl.read.1.tlog
c:\users\daniel\documents\github\hazel\bin-int\-x64\sandbox\sandbox.tlog\cl.write.1.tlog
c:\users\daniel\documents\github\hazel\bin-int\-x64\sandbox\sandbox.tlog\link-cvtres.read.1.tlog
c:\users\daniel\documents\github\hazel\bin-int\-x64\sandbox\sandbox.tlog\link-cvtres.write.1.tlog
c:\users\daniel\documents\github\hazel\bin-int\-x64\sandbox\sandbox.tlog\link-rc.read.1.tlog
c:\users\daniel\documents\github\hazel\bin-int\-x64\sandbox\sandbox.tlog\link-rc.write.1.tlog
c:\users\daniel\documents\github\hazel\bin-int\-x64\sandbox\sandbox.tlog\link.4040-cvtres.read.1.tlog
c:\users\daniel\documents\github\hazel\bin-int\-x64\sandbox\sandbox.tlog\link.4040-cvtres.write.1.tlog
c:\users\daniel\documents\github\hazel\bin-int\-x64\sandbox\sandbox.tlog\link.4040-rc.read.1.tlog
c:\users\daniel\documents\github\hazel\bin-int\-x64\sandbox\sandbox.tlog\link.4040-rc.write.1.tlog
c:\users\daniel\documents\github\hazel\bin-int\-x64\sandbox\sandbox.tlog\link.4040.read.1.tlog
c:\users\daniel\documents\github\hazel\bin-int\-x64\sandbox\sandbox.tlog\link.4040.write.1.tlog
c:\users\daniel\documents\github\hazel\bin-int\-x64\sandbox\sandbox.tlog\link.command.1.tlog
c:\users\daniel\documents\github\hazel\bin-int\-x64\sandbox\sandbox.tlog\link.read.1.tlog
c:\users\daniel\documents\github\hazel\bin-int\-x64\sandbox\sandbox.tlog\link.write.1.tlog
